This file contains any messages produced by compilers while
running configure, to aid debugging if configure makes a mistake.

It was created by configure, which was
generated by GNU Autoconf 2.68.  Invocation command line was

  $ ./configure 

## --------- ##
## Platform. ##
## --------- ##

hostname = faust
uname -m = x86_64
uname -r = 5.4.31-1-lts
uname -s = Linux
uname -v = #1 SMP Wed, 08 Apr 2020 08:29:49 +0000

/usr/bin/uname -p = unknown
/bin/uname -X     = unknown

/bin/arch              = unknown
/usr/bin/arch -k       = unknown
/usr/convex/getsysinfo = unknown
/usr/bin/hostinfo      = unknown
/bin/machine           = unknown
/usr/bin/oslevel       = unknown
/bin/universe          = unknown

PATH: /csehome/slove0318/.conda/envs/venv/bin
PATH: /opt/anaconda/condabin
PATH: /usr/local/sbin
PATH: /usr/local/bin
PATH: /usr/bin
PATH: /opt/cuda/bin
PATH: /usr/lib/jvm/default/bin
PATH: /usr/bin/site_perl
PATH: /usr/bin/vendor_perl
PATH: /usr/bin/core_perl


## ----------- ##
## Core tests. ##
## ----------- ##

configure:2604: checking for a BSD-compatible install
configure:2672: result: /usr/bin/install -c
configure:2683: checking whether build environment is sane
configure:2733: result: yes
configure:2874: checking for a thread-safe mkdir -p
configure:2913: result: /usr/bin/mkdir -p
configure:2926: checking for gawk
configure:2942: found /usr/bin/gawk
configure:2953: result: gawk
configure:2964: checking whether make sets $(MAKE)
configure:2986: result: yes
configure:3129: checking for gcc
configure:3145: found /usr/bin/gcc
configure:3156: result: gcc
configure:3385: checking for C compiler version
configure:3394: gcc --version >&5
gcc (Arch Linux 9.3.0-1) 9.3.0
Copyright (C) 2019 Free Software Foundation, Inc.
This is free software; see the source for copying conditions.  There is NO
warranty; not even for MERCHANTABILITY or FITNESS FOR A PARTICULAR PURPOSE.

configure:3405: $? = 0
configure:3394: gcc -v >&5
Using built-in specs.
COLLECT_GCC=gcc
COLLECT_LTO_WRAPPER=/usr/lib/gcc/x86_64-pc-linux-gnu/9.3.0/lto-wrapper
Target: x86_64-pc-linux-gnu
Configured with: /build/gcc/src/gcc/configure --prefix=/usr --libdir=/usr/lib --libexecdir=/usr/lib --mandir=/usr/share/man --infodir=/usr/share/info --with-pkgversion='Arch Linux 9.3.0-1' --with-bugurl=https://bugs.archlinux.org/ --enable-languages=c,c++,ada,fortran,go,lto,objc,obj-c++,d --enable-shared --enable-threads=posix --with-system-zlib --with-isl --enable-__cxa_atexit --disable-libunwind-exceptions --enable-clocale=gnu --disable-libstdcxx-pch --disable-libssp --enable-gnu-unique-object --enable-linker-build-id --enable-lto --enable-plugin --enable-install-libiberty --with-linker-hash-style=gnu --enable-gnu-indirect-function --enable-multilib --disable-werror --enable-checking=release --enable-default-pie --enable-default-ssp --enable-cet=auto gdc_include_dir=/usr/include/dlang/gdc
Thread model: posix
gcc version 9.3.0 (Arch Linux 9.3.0-1) 
configure:3405: $? = 0
configure:3394: gcc -V >&5
gcc: error: unrecognized command line option '-V'
gcc: fatal error: no input files
compilation terminated.
configure:3405: $? = 1
configure:3394: gcc -qversion >&5
gcc: error: unrecognized command line option '-qversion'; did you mean '--version'?
gcc: fatal error: no input files
compilation terminated.
configure:3405: $? = 1
configure:3425: checking whether the C compiler works
configure:3447: gcc   -Wl,-O2 -Wl,--sort-common -Wl,--as-needed -Wl,-z,relro -Wl,-z,now -Wl,--disable-new-dtags -Wl,--gc-sections -Wl,-rpath,/csehome/slove0318/.conda/envs/r-environment/lib -Wl,-rpath-link,/csehome/slove0318/.conda/envs/r-environment/lib -L/csehome/slove0318/.conda/envs/r-environment/lib conftest.c  >&5
configure:3451: $? = 0
configure:3499: result: yes
configure:3502: checking for C compiler default output file name
configure:3504: result: a.out
configure:3510: checking for suffix of executables
configure:3517: gcc -o conftest   -Wl,-O2 -Wl,--sort-common -Wl,--as-needed -Wl,-z,relro -Wl,-z,now -Wl,--disable-new-dtags -Wl,--gc-sections -Wl,-rpath,/csehome/slove0318/.conda/envs/r-environment/lib -Wl,-rpath-link,/csehome/slove0318/.conda/envs/r-environment/lib -L/csehome/slove0318/.conda/envs/r-environment/lib conftest.c  >&5
configure:3521: $? = 0
configure:3543: result: 
configure:3565: checking whether we are cross compiling
configure:3573: gcc -o conftest   -Wl,-O2 -Wl,--sort-common -Wl,--as-needed -Wl,-z,relro -Wl,-z,now -Wl,--disable-new-dtags -Wl,--gc-sections -Wl,-rpath,/csehome/slove0318/.conda/envs/r-environment/lib -Wl,-rpath-link,/csehome/slove0318/.conda/envs/r-environment/lib -L/csehome/slove0318/.conda/envs/r-environment/lib conftest.c  >&5
configure:3577: $? = 0
configure:3584: ./conftest
configure:3588: $? = 0
configure:3576: result: no
configure:3581: checking for suffix of object files
configure:3603: gcc -c   conftest.c >&5
configure:3607: $? = 0
configure:3628: result: o
configure:3632: checking whether we are using the GNU C compiler
configure:3651: gcc -c   conftest.c >&5
configure:3651: $? = 0
configure:3660: result: yes
configure:3669: checking whether gcc accepts -g
configure:3689: gcc -c -g  conftest.c >&5
configure:3689: $? = 0
configure:3730: result: yes
configure:3747: checking for gcc option to accept ISO C89
configure:3811: gcc  -c -g -O2  conftest.c >&5
configure:3811: $? = 0
configure:3824: result: none needed
configure:3855: checking for style of include used by make
configure:3883: result: GNU
configure:3909: checking dependency style of gcc
configure:4020: result: none
configure:4093: checking for g++
configure:4109: found /usr/bin/g++
configure:4120: result: g++
configure:4147: checking for C++ compiler version
configure:4156: g++ --version >&5
g++ (Arch Linux 9.3.0-1) 9.3.0
Copyright (C) 2019 Free Software Foundation, Inc.
This is free software; see the source for copying conditions.  There is NO
warranty; not even for MERCHANTABILITY or FITNESS FOR A PARTICULAR PURPOSE.

configure:4167: $? = 0
configure:4156: g++ -v >&5
Using built-in specs.
COLLECT_GCC=g++
COLLECT_LTO_WRAPPER=/usr/lib/gcc/x86_64-pc-linux-gnu/9.3.0/lto-wrapper
Target: x86_64-pc-linux-gnu
Configured with: /build/gcc/src/gcc/configure --prefix=/usr --libdir=/usr/lib --libexecdir=/usr/lib --mandir=/usr/share/man --infodir=/usr/share/info --with-pkgversion='Arch Linux 9.3.0-1' --with-bugurl=https://bugs.archlinux.org/ --enable-languages=c,c++,ada,fortran,go,lto,objc,obj-c++,d --enable-shared --enable-threads=posix --with-system-zlib --with-isl --enable-__cxa_atexit --disable-libunwind-exceptions --enable-clocale=gnu --disable-libstdcxx-pch --disable-libssp --enable-gnu-unique-object --enable-linker-build-id --enable-lto --enable-plugin --enable-install-libiberty --with-linker-hash-style=gnu --enable-gnu-indirect-function --enable-multilib --disable-werror --enable-checking=release --enable-default-pie --enable-default-ssp --enable-cet=auto gdc_include_dir=/usr/include/dlang/gdc
Thread model: posix
gcc version 9.3.0 (Arch Linux 9.3.0-1) 
configure:4167: $? = 0
configure:4156: g++ -V >&5
g++: error: unrecognized command line option '-V'
g++: fatal error: no input files
compilation terminated.
configure:4167: $? = 1
configure:4156: g++ -qversion >&5
g++: error: unrecognized command line option '-qversion'; did you mean '--version'?
g++: fatal error: no input files
compilation terminated.
configure:4167: $? = 1
configure:4171: checking whether we are using the GNU C++ compiler
configure:4190: g++ -c   conftest.cpp >&5
configure:4190: $? = 0
configure:4199: result: yes
configure:4208: checking whether g++ accepts -g
configure:4228: g++ -c -g  conftest.cpp >&5
configure:4228: $? = 0
configure:4269: result: yes
configure:4294: checking dependency style of g++
configure:4405: result: none
configure:4426: checking how to run the C preprocessor
configure:4457: gcc -E  conftest.c
configure:4457: $? = 0
configure:4471: gcc -E  conftest.c
conftest.c:11:10: fatal error: ac_nonexistent.h: No such file or directory
   11 | #include <ac_nonexistent.h>
      |          ^~~~~~~~~~~~~~~~~~
compilation terminated.
configure:4471: $? = 1
configure: failed program was:
| /* confdefs.h */
| #define PACKAGE_NAME ""
| #define PACKAGE_TARNAME ""
| #define PACKAGE_VERSION ""
| #define PACKAGE_STRING ""
| #define PACKAGE_BUGREPORT ""
| #define PACKAGE_URL ""
| #define PACKAGE "mecab"
| #define VERSION "0.996/ko-0.9.2"
| /* end confdefs.h.  */
| #include <ac_nonexistent.h>
configure:4496: result: gcc -E
configure:4516: gcc -E  conftest.c
configure:4516: $? = 0
configure:4530: gcc -E  conftest.c
conftest.c:11:10: fatal error: ac_nonexistent.h: No such file or directory
   11 | #include <ac_nonexistent.h>
      |          ^~~~~~~~~~~~~~~~~~
compilation terminated.
configure:4530: $? = 1
configure: failed program was:
| /* confdefs.h */
| #define PACKAGE_NAME ""
| #define PACKAGE_TARNAME ""
| #define PACKAGE_VERSION ""
| #define PACKAGE_STRING ""
| #define PACKAGE_BUGREPORT ""
| #define PACKAGE_URL ""
| #define PACKAGE "mecab"
| #define VERSION "0.996/ko-0.9.2"
| /* end confdefs.h.  */
| #include <ac_nonexistent.h>
configure:4559: checking for grep that handles long lines and -e
configure:4617: result: /usr/bin/grep
configure:4622: checking for egrep
configure:4684: result: /usr/bin/grep -E
configure:4690: checking whether gcc needs -traditional
configure:4724: result: no
configure:4731: checking whether make sets $(MAKE)
configure:4753: result: yes
configure:4766: checking build system type
configure:4780: result: x86_64-unknown-linux-gnu
configure:4800: checking host system type
configure:4813: result: x86_64-unknown-linux-gnu
configure:5182: checking how to print strings
configure:5209: result: printf
configure:5230: checking for a sed that does not truncate output
configure:5294: result: /usr/bin/sed
configure:5312: checking for fgrep
configure:5374: result: /usr/bin/grep -F
configure:5409: checking for ld used by gcc
configure:5476: result: /usr/bin/ld
configure:5483: checking if the linker (/usr/bin/ld) is GNU ld
configure:5498: result: yes
configure:5510: checking for BSD- or MS-compatible name lister (nm)
configure:5559: result: /usr/bin/nm -B
configure:5689: checking the name lister (/usr/bin/nm -B) interface
configure:5696: gcc -c -g -O2  conftest.c >&5
configure:5699: /usr/bin/nm -B "conftest.o"
configure:5702: output
0000000000000000 B some_variable
configure:5703: result: BSD nm
configure:5706: checking whether ln -s works
configure:5710: result: yes
configure:5718: checking the maximum length of command line arguments
configure:5848: result: 1572864
configure:5865: checking whether the shell understands some XSI constructs
configure:5874: result: yes
configure:5878: checking whether the shell understands "+="
configure:5882: result: yes
configure:5917: checking how to convert x86_64-unknown-linux-gnu file names to x86_64-unknown-linux-gnu format
configure:5957: result: func_convert_file_noop
configure:5964: checking how to convert x86_64-unknown-linux-gnu file names to toolchain format
configure:5984: result: func_convert_file_noop
configure:5991: checking for /usr/bin/ld option to reload object files
configure:5998: result: -r
configure:6072: checking for objdump
configure:6099: result: objdump
configure:6128: checking how to recognize dependent libraries
configure:6330: result: pass_all
configure:6415: checking for dlltool
configure:6442: result: dlltool
configure:6472: checking how to associate runtime and link libraries
configure:6499: result: printf %s\n
configure:6559: checking for ar
configure:6575: found /usr/bin/ar
configure:6586: result: ar
configure:6623: checking for archiver @FILE support
configure:6640: gcc -c -g -O2  conftest.c >&5
configure:6640: $? = 0
configure:6643: ar cru libconftest.a @conftest.lst >&5
ar: `u' modifier ignored since `D' is the default (see `U')
configure:6646: $? = 0
configure:6651: ar cru libconftest.a @conftest.lst >&5
ar: `u' modifier ignored since `D' is the default (see `U')
ar: conftest.o: No such file or directory
configure:6654: $? = 1
configure:6653: result: @
configure:6711: checking for strip
configure:6727: found /usr/bin/strip
configure:6738: result: strip
configure:6810: checking for ranlib
configure:6826: found /usr/bin/ranlib
configure:6837: result: ranlib
configure:6939: checking command to parse /usr/bin/nm -B output from gcc object
configure:7059: gcc -c -g -O2  conftest.c >&5
configure:7062: $? = 0
configure:7066: /usr/bin/nm -B conftest.o \| sed -n -e 's/^.*[ ]\([ABCDGIRSTW][ABCDGIRSTW]*\)[ ][ ]*\([_A-Za-z][_A-Za-z0-9]*\)$/\1 \2 \2/p' | sed '/ __gnu_lto/d' \> conftest.nm
configure:7069: $? = 0
configure:7135: gcc -o conftest -g -O2  -Wl,-O2 -Wl,--sort-common -Wl,--as-needed -Wl,-z,relro -Wl,-z,now -Wl,--disable-new-dtags -Wl,--gc-sections -Wl,-rpath,/csehome/slove0318/.conda/envs/r-environment/lib -Wl,-rpath-link,/csehome/slove0318/.conda/envs/r-environment/lib -L/csehome/slove0318/.conda/envs/r-environment/lib conftest.c conftstm.o >&5
configure:7138: $? = 0
configure:7176: result: ok
configure:7213: checking for sysroot
configure:7243: result: no
configure:7320: gcc -c -g -O2  conftest.c >&5
configure:7323: $? = 0
configure:7499: checking for mt
configure:7529: result: no
configure:7549: checking if : is a manifest tool
configure:7555: : '-?'
configure:7563: result: no
configure:8200: checking for ANSI C header files
configure:8220: gcc -c -g -O2  conftest.c >&5
configure:8220: $? = 0
configure:8293: gcc -o conftest -g -O2  -Wl,-O2 -Wl,--sort-common -Wl,--as-needed -Wl,-z,relro -Wl,-z,now -Wl,--disable-new-dtags -Wl,--gc-sections -Wl,-rpath,/csehome/slove0318/.conda/envs/r-environment/lib -Wl,-rpath-link,/csehome/slove0318/.conda/envs/r-environment/lib -L/csehome/slove0318/.conda/envs/r-environment/lib conftest.c  >&5
configure:8293: $? = 0
configure:8293: ./conftest
configure:8293: $? = 0
configure:8304: result: yes
configure:8317: checking for sys/types.h
configure:8317: gcc -c -g -O2  conftest.c >&5
configure:8317: $? = 0
configure:8317: result: yes
configure:8317: checking for sys/stat.h
configure:8317: gcc -c -g -O2  conftest.c >&5
configure:8317: $? = 0
configure:8317: result: yes
configure:8317: checking for stdlib.h
configure:8317: gcc -c -g -O2  conftest.c >&5
configure:8317: $? = 0
configure:8317: result: yes
configure:8317: checking for string.h
configure:8317: gcc -c -g -O2  conftest.c >&5
configure:8317: $? = 0
configure:8317: result: yes
configure:8317: checking for memory.h
configure:8317: gcc -c -g -O2  conftest.c >&5
configure:8317: $? = 0
configure:8317: result: yes
configure:8317: checking for strings.h
configure:8317: gcc -c -g -O2  conftest.c >&5
configure:8317: $? = 0
configure:8317: result: yes
configure:8317: checking for inttypes.h
configure:8317: gcc -c -g -O2  conftest.c >&5
configure:8317: $? = 0
configure:8317: result: yes
configure:8317: checking for stdint.h
configure:8317: gcc -c -g -O2  conftest.c >&5
configure:8317: $? = 0
configure:8317: result: yes
configure:8317: checking for unistd.h
configure:8317: gcc -c -g -O2  conftest.c >&5
configure:8317: $? = 0
configure:8317: result: yes
configure:8331: checking for dlfcn.h
configure:8331: gcc -c -g -O2  conftest.c >&5
configure:8331: $? = 0
configure:8331: result: yes
configure:8546: checking for objdir
configure:8561: result: .libs
configure:8828: checking if gcc supports -fno-rtti -fno-exceptions
configure:8846: gcc -c -g -O2  -fno-rtti -fno-exceptions conftest.c >&5
cc1: warning: command line option '-fno-rtti' is valid for C++/D/ObjC++ but not for C
configure:8850: $? = 0
configure:8863: result: no
configure:9190: checking for gcc option to produce PIC
configure:9197: result: -fPIC -DPIC
configure:9205: checking if gcc PIC flag -fPIC -DPIC works
configure:9223: gcc -c -g -O2  -fPIC -DPIC -DPIC conftest.c >&5
configure:9227: $? = 0
configure:9240: result: yes
configure:9269: checking if gcc static flag -static works
configure:9297: result: yes
configure:9312: checking if gcc supports -c -o file.o
configure:9333: gcc -c -g -O2  -o out/conftest2.o conftest.c >&5
configure:9337: $? = 0
configure:9359: result: yes
configure:9367: checking if gcc supports -c -o file.o
configure:9414: result: yes
configure:9447: checking whether the gcc linker (/usr/bin/ld -m elf_x86_64) supports shared libraries
configure:10604: result: yes
configure:10641: checking whether -lc should be explicitly linked in
configure:10649: gcc -c -g -O2  conftest.c >&5
configure:10652: $? = 0
configure:10667: gcc -shared  -fPIC -DPIC conftest.o  -v -Wl,-soname -Wl,conftest -o conftest 2\>\&1 \| /usr/bin/grep  -lc  \>/dev/null 2\>\&1
configure:10670: $? = 0
configure:10684: result: no
configure:10844: checking dynamic linker characteristics
configure:11355: gcc -o conftest -g -O2  -Wl,-O2 -Wl,--sort-common -Wl,--as-needed -Wl,-z,relro -Wl,-z,now -Wl,--disable-new-dtags -Wl,--gc-sections -Wl,-rpath,/csehome/slove0318/.conda/envs/r-environment/lib -Wl,-rpath-link,/csehome/slove0318/.conda/envs/r-environment/lib -L/csehome/slove0318/.conda/envs/r-environment/lib -Wl,-rpath -Wl,/foo conftest.c  >&5
configure:11355: $? = 0
configure:11589: result: GNU/Linux ld.so
configure:11696: checking how to hardcode library paths into programs
configure:11721: result: immediate
configure:12261: checking whether stripping libraries is possible
configure:12266: result: yes
configure:12301: checking if libtool supports shared libraries
configure:12303: result: yes
configure:12306: checking whether to build shared libraries
configure:12327: result: yes
configure:12330: checking whether to build static libraries
configure:12334: result: yes
configure:9351: checking how to run the C++ preprocessor
configure:9378: g++ -E  conftest.cpp
configure:9378: $? = 0
configure:9392: g++ -E  conftest.cpp
conftest.cpp:23:10: fatal error: ac_nonexistent.h: No such file or directory
   23 | #include <ac_nonexistent.h>
      |          ^~~~~~~~~~~~~~~~~~
compilation terminated.
configure:9392: $? = 1
configure: failed program was:
| /* confdefs.h */
| #define PACKAGE_NAME ""
| #define PACKAGE_TARNAME ""
| #define PACKAGE_VERSION ""
| #define PACKAGE_STRING ""
| #define PACKAGE_BUGREPORT ""
| #define PACKAGE_URL ""
| #define PACKAGE "mecab"
| #define VERSION "0.996/ko-0.9.2"
| #define STDC_HEADERS 1
| #define HAVE_SYS_TYPES_H 1
| #define HAVE_SYS_STAT_H 1
| #define HAVE_STDLIB_H 1
| #define HAVE_STRING_H 1
| #define HAVE_MEMORY_H 1
| #define HAVE_STRINGS_H 1
| #define HAVE_INTTYPES_H 1
| #define HAVE_STDINT_H 1
| #define HAVE_UNISTD_H 1
| #define HAVE_DLFCN_H 1
| #define LT_OBJDIR ".libs/"
| /* end confdefs.h.  */
| #include <ac_nonexistent.h>
configure:9417: result: g++ -E
configure:9437: g++ -E  conftest.cpp
configure:9437: $? = 0
configure:9451: g++ -E  conftest.cpp
conftest.cpp:23:10: fatal error: ac_nonexistent.h: No such file or directory
   23 | #include <ac_nonexistent.h>
      |          ^~~~~~~~~~~~~~~~~~
compilation terminated.
configure:9451: $? = 1
configure: failed program was:
| /* confdefs.h */
| #define PACKAGE_NAME ""
| #define PACKAGE_TARNAME ""
| #define PACKAGE_VERSION ""
| #define PACKAGE_STRING ""
| #define PACKAGE_BUGREPORT ""
| #define PACKAGE_URL ""
| #define PACKAGE "mecab"
| #define VERSION "0.996/ko-0.9.2"
| #define STDC_HEADERS 1
| #define HAVE_SYS_TYPES_H 1
| #define HAVE_SYS_STAT_H 1
| #define HAVE_STDLIB_H 1
| #define HAVE_STRING_H 1
| #define HAVE_MEMORY_H 1
| #define HAVE_STRINGS_H 1
| #define HAVE_INTTYPES_H 1
| #define HAVE_STDINT_H 1
| #define HAVE_UNISTD_H 1
| #define HAVE_DLFCN_H 1
| #define LT_OBJDIR ".libs/"
| /* end confdefs.h.  */
| #include <ac_nonexistent.h>
configure:9620: checking for ld used by g++
configure:9687: result: /usr/bin/ld -m elf_x86_64
configure:9694: checking if the linker (/usr/bin/ld -m elf_x86_64) is GNU ld
configure:9709: result: yes
configure:9764: checking whether the g++ linker (/usr/bin/ld -m elf_x86_64) supports shared libraries
configure:10769: result: yes
configure:10805: g++ -c -g -O2  conftest.cpp >&5
configure:10808: $? = 0
configure:11328: checking for g++ option to produce PIC
configure:11335: result: -fPIC -DPIC
configure:11343: checking if g++ PIC flag -fPIC -DPIC works
configure:11361: g++ -c -g -O2  -fPIC -DPIC -DPIC conftest.cpp >&5
configure:11365: $? = 0
configure:11378: result: yes
configure:11401: checking if g++ static flag -static works
configure:11429: result: yes
configure:11441: checking if g++ supports -c -o file.o
configure:11462: g++ -c -g -O2  -o out/conftest2.o conftest.cpp >&5
configure:11466: $? = 0
configure:11488: result: yes
configure:11493: checking if g++ supports -c -o file.o
configure:11540: result: yes
configure:11570: checking whether the g++ linker (/usr/bin/ld -m elf_x86_64) supports shared libraries
configure:11609: result: yes
configure:11750: checking dynamic linker characteristics
configure:12429: result: GNU/Linux ld.so
configure:12482: checking how to hardcode library paths into programs
configure:12507: result: immediate
configure:11493: checking for library containing strerror
configure:11524: gcc -o conftest -g -O2  -Wl,-O2 -Wl,--sort-common -Wl,--as-needed -Wl,-z,relro -Wl,-z,now -Wl,--disable-new-dtags -Wl,--gc-sections -Wl,-rpath,/csehome/slove0318/.conda/envs/r-environment/lib -Wl,-rpath-link,/csehome/slove0318/.conda/envs/r-environment/lib -L/csehome/slove0318/.conda/envs/r-environment/lib conftest.c  >&5
configure:11524: $? = 0
configure:11541: result: none required
configure:11549: checking whether byte ordering is bigendian
configure:11564: gcc -c -g -O2  conftest.c >&5
conftest.c:24:9: error: unknown type name 'not'
   24 |         not a universal capable compiler
      |         ^~~
conftest.c:24:15: error: expected '=', ',', ';', 'asm' or '__attribute__' before 'universal'
   24 |         not a universal capable compiler
      |               ^~~~~~~~~
conftest.c:24:15: error: unknown type name 'universal'
configure:11564: $? = 1
configure: failed program was:
| /* confdefs.h */
| #define PACKAGE_NAME ""
| #define PACKAGE_TARNAME ""
| #define PACKAGE_VERSION ""
| #define PACKAGE_STRING ""
| #define PACKAGE_BUGREPORT ""
| #define PACKAGE_URL ""
| #define PACKAGE "mecab"
| #define VERSION "0.996/ko-0.9.2"
| #define STDC_HEADERS 1
| #define HAVE_SYS_TYPES_H 1
| #define HAVE_SYS_STAT_H 1
| #define HAVE_STDLIB_H 1
| #define HAVE_STRING_H 1
| #define HAVE_MEMORY_H 1
| #define HAVE_STRINGS_H 1
| #define HAVE_INTTYPES_H 1
| #define HAVE_STDINT_H 1
| #define HAVE_UNISTD_H 1
| #define HAVE_DLFCN_H 1
| #define LT_OBJDIR ".libs/"
| /* end confdefs.h.  */
| #ifndef __APPLE_CC__
| 	       not a universal capable compiler
| 	     #endif
| 	     typedef int dummy;
| 
configure:11609: gcc -c -g -O2  conftest.c >&5
configure:11609: $? = 0
configure:11627: gcc -c -g -O2  conftest.c >&5
conftest.c: In function 'main':
conftest.c:30:4: error: unknown type name 'not'; did you mean 'ino_t'?
   30 |    not big endian
      |    ^~~
      |    ino_t
conftest.c:30:12: error: expected '=', ',', ';', 'asm' or '__attribute__' before 'endian'
   30 |    not big endian
      |            ^~~~~~
configure:11627: $? = 1
configure: failed program was:
| /* confdefs.h */
| #define PACKAGE_NAME ""
| #define PACKAGE_TARNAME ""
| #define PACKAGE_VERSION ""
| #define PACKAGE_STRING ""
| #define PACKAGE_BUGREPORT ""
| #define PACKAGE_URL ""
| #define PACKAGE "mecab"
| #define VERSION "0.996/ko-0.9.2"
| #define STDC_HEADERS 1
| #define HAVE_SYS_TYPES_H 1
| #define HAVE_SYS_STAT_H 1
| #define HAVE_STDLIB_H 1
| #define HAVE_STRING_H 1
| #define HAVE_MEMORY_H 1
| #define HAVE_STRINGS_H 1
| #define HAVE_INTTYPES_H 1
| #define HAVE_STDINT_H 1
| #define HAVE_UNISTD_H 1
| #define HAVE_DLFCN_H 1
| #define LT_OBJDIR ".libs/"
| /* end confdefs.h.  */
| #include <sys/types.h>
| 		#include <sys/param.h>
| 
| int
| main ()
| {
| #if BYTE_ORDER != BIG_ENDIAN
| 		 not big endian
| 		#endif
| 
|   ;
|   return 0;
| }
configure:11755: result: no
configure:11819: checking for ld used by GCC
configure:11883: result: /usr/bin/ld -m elf_x86_64
configure:11890: checking if the linker (/usr/bin/ld -m elf_x86_64) is GNU ld
configure:11903: result: yes
configure:11910: checking for shared library run path origin
configure:11923: result: done
configure:12501: checking for iconv
configure:12523: gcc -o conftest -g -O2  -Wl,-O2 -Wl,--sort-common -Wl,--as-needed -Wl,-z,relro -Wl,-z,now -Wl,--disable-new-dtags -Wl,--gc-sections -Wl,-rpath,/csehome/slove0318/.conda/envs/r-environment/lib -Wl,-rpath-link,/csehome/slove0318/.conda/envs/r-environment/lib -L/csehome/slove0318/.conda/envs/r-environment/lib conftest.c  >&5
configure:12523: $? = 0
configure:12555: result: yes
configure:12558: checking for working iconv
configure:12653: gcc -o conftest -g -O2  -Wl,-O2 -Wl,--sort-common -Wl,--as-needed -Wl,-z,relro -Wl,-z,now -Wl,--disable-new-dtags -Wl,--gc-sections -Wl,-rpath,/csehome/slove0318/.conda/envs/r-environment/lib -Wl,-rpath-link,/csehome/slove0318/.conda/envs/r-environment/lib -L/csehome/slove0318/.conda/envs/r-environment/lib conftest.c  >&5
configure:12653: $? = 0
configure:12653: ./conftest
configure:12653: $? = 0
configure:12665: result: yes
configure:12693: checking for iconv declaration
configure:12722: gcc -c -g -O2  conftest.c >&5
configure:12722: $? = 0
configure:12733: result:
         extern size_t iconv (iconv_t cd, char * *inbuf, size_t *inbytesleft, char * *outbuf, size_t *outbytesleft);
configure:12755: checking for ANSI C header files
configure:12859: result: yes
configure:12867: checking for an ANSI C-conforming const
configure:12932: gcc -c -g -O2  conftest.c >&5
configure:12932: $? = 0
configure:12939: result: yes
configure:12947: checking whether byte ordering is bigendian
configure:13153: result: no
configure:13176: checking for string.h
configure:13176: result: yes
configure:13176: checking for stdlib.h
configure:13176: result: yes
configure:13176: checking for unistd.h
configure:13176: result: yes
configure:13176: checking fcntl.h usability
configure:13176: gcc -c -g -O2  conftest.c >&5
configure:13176: $? = 0
configure:13176: result: yes
configure:13176: checking fcntl.h presence
configure:13176: gcc -E  conftest.c
configure:13176: $? = 0
configure:13176: result: yes
configure:13176: checking for fcntl.h
configure:13176: result: yes
configure:13176: checking for stdint.h
configure:13176: result: yes
configure:13176: checking for sys/stat.h
configure:13176: result: yes
configure:13176: checking sys/mman.h usability
configure:13176: gcc -c -g -O2  conftest.c >&5
configure:13176: $? = 0
configure:13176: result: yes
configure:13176: checking sys/mman.h presence
configure:13176: gcc -E  conftest.c
configure:13176: $? = 0
configure:13176: result: yes
configure:13176: checking for sys/mman.h
configure:13176: result: yes
configure:13176: checking sys/times.h usability
configure:13176: gcc -c -g -O2  conftest.c >&5
configure:13176: $? = 0
configure:13176: result: yes
configure:13176: checking sys/times.h presence
configure:13176: gcc -E  conftest.c
configure:13176: $? = 0
configure:13176: result: yes
configure:13176: checking for sys/times.h
configure:13176: result: yes
configure:13176: checking for sys/types.h
configure:13176: result: yes
configure:13176: checking dirent.h usability
configure:13176: gcc -c -g -O2  conftest.c >&5
configure:13176: $? = 0
configure:13176: result: yes
configure:13176: checking dirent.h presence
configure:13176: gcc -E  conftest.c
configure:13176: $? = 0
configure:13176: result: yes
configure:13176: checking for dirent.h
configure:13176: result: yes
configure:13176: checking ctype.h usability
configure:13176: gcc -c -g -O2  conftest.c >&5
configure:13176: $? = 0
configure:13176: result: yes
configure:13176: checking ctype.h presence
configure:13176: gcc -E  conftest.c
configure:13176: $? = 0
configure:13176: result: yes
configure:13176: checking for ctype.h
configure:13176: result: yes
configure:13176: checking for sys/types.h
configure:13176: result: yes
configure:13176: checking io.h usability
configure:13176: gcc -c -g -O2  conftest.c >&5
conftest.c:71:10: fatal error: io.h: No such file or directory
   71 | #include <io.h>
      |          ^~~~~~
compilation terminated.
configure:13176: $? = 1
configure: failed program was:
| /* confdefs.h */
| #define PACKAGE_NAME ""
| #define PACKAGE_TARNAME ""
| #define PACKAGE_VERSION ""
| #define PACKAGE_STRING ""
| #define PACKAGE_BUGREPORT ""
| #define PACKAGE_URL ""
| #define PACKAGE "mecab"
| #define VERSION "0.996/ko-0.9.2"
| #define STDC_HEADERS 1
| #define HAVE_SYS_TYPES_H 1
| #define HAVE_SYS_STAT_H 1
| #define HAVE_STDLIB_H 1
| #define HAVE_STRING_H 1
| #define HAVE_MEMORY_H 1
| #define HAVE_STRINGS_H 1
| #define HAVE_INTTYPES_H 1
| #define HAVE_STDINT_H 1
| #define HAVE_UNISTD_H 1
| #define HAVE_DLFCN_H 1
| #define LT_OBJDIR ".libs/"
| #define HAVE_ICONV 1
| #define ICONV_CONST 
| #define STDC_HEADERS 1
| #define HAVE_STRING_H 1
| #define HAVE_STDLIB_H 1
| #define HAVE_UNISTD_H 1
| #define HAVE_FCNTL_H 1
| #define HAVE_STDINT_H 1
| #define HAVE_SYS_STAT_H 1
| #define HAVE_SYS_MMAN_H 1
| #define HAVE_SYS_TIMES_H 1
| #define HAVE_SYS_TYPES_H 1
| #define HAVE_DIRENT_H 1
| #define HAVE_CTYPE_H 1
| #define HAVE_SYS_TYPES_H 1
| /* end confdefs.h.  */
| #include <stdio.h>
| #ifdef HAVE_SYS_TYPES_H
| # include <sys/types.h>
| #endif
| #ifdef HAVE_SYS_STAT_H
| # include <sys/stat.h>
| #endif
| #ifdef STDC_HEADERS
| # include <stdlib.h>
| # include <stddef.h>
| #else
| # ifdef HAVE_STDLIB_H
| #  include <stdlib.h>
| # endif
| #endif
| #ifdef HAVE_STRING_H
| # if !defined STDC_HEADERS && defined HAVE_MEMORY_H
| #  include <memory.h>
| # endif
| # include <string.h>
| #endif
| #ifdef HAVE_STRINGS_H
| # include <strings.h>
| #endif
| #ifdef HAVE_INTTYPES_H
| # include <inttypes.h>
| #endif
| #ifdef HAVE_STDINT_H
| # include <stdint.h>
| #endif
| #ifdef HAVE_UNISTD_H
| # include <unistd.h>
| #endif
| #include <io.h>
configure:13176: result: no
configure:13176: checking io.h presence
configure:13176: gcc -E  conftest.c
conftest.c:38:10: fatal error: io.h: No such file or directory
   38 | #include <io.h>
      |          ^~~~~~
compilation terminated.
configure:13176: $? = 1
configure: failed program was:
| /* confdefs.h */
| #define PACKAGE_NAME ""
| #define PACKAGE_TARNAME ""
| #define PACKAGE_VERSION ""
| #define PACKAGE_STRING ""
| #define PACKAGE_BUGREPORT ""
| #define PACKAGE_URL ""
| #define PACKAGE "mecab"
| #define VERSION "0.996/ko-0.9.2"
| #define STDC_HEADERS 1
| #define HAVE_SYS_TYPES_H 1
| #define HAVE_SYS_STAT_H 1
| #define HAVE_STDLIB_H 1
| #define HAVE_STRING_H 1
| #define HAVE_MEMORY_H 1
| #define HAVE_STRINGS_H 1
| #define HAVE_INTTYPES_H 1
| #define HAVE_STDINT_H 1
| #define HAVE_UNISTD_H 1
| #define HAVE_DLFCN_H 1
| #define LT_OBJDIR ".libs/"
| #define HAVE_ICONV 1
| #define ICONV_CONST 
| #define STDC_HEADERS 1
| #define HAVE_STRING_H 1
| #define HAVE_STDLIB_H 1
| #define HAVE_UNISTD_H 1
| #define HAVE_FCNTL_H 1
| #define HAVE_STDINT_H 1
| #define HAVE_SYS_STAT_H 1
| #define HAVE_SYS_MMAN_H 1
| #define HAVE_SYS_TIMES_H 1
| #define HAVE_SYS_TYPES_H 1
| #define HAVE_DIRENT_H 1
| #define HAVE_CTYPE_H 1
| #define HAVE_SYS_TYPES_H 1
| /* end confdefs.h.  */
| #include <io.h>
configure:13176: result: no
configure:13176: checking for io.h
configure:13176: result: no
configure:13176: checking windows.h usability
configure:13176: gcc -c -g -O2  conftest.c >&5
conftest.c:71:10: fatal error: windows.h: No such file or directory
   71 | #include <windows.h>
      |          ^~~~~~~~~~~
compilation terminated.
configure:13176: $? = 1
configure: failed program was:
| /* confdefs.h */
| #define PACKAGE_NAME ""
| #define PACKAGE_TARNAME ""
| #define PACKAGE_VERSION ""
| #define PACKAGE_STRING ""
| #define PACKAGE_BUGREPORT ""
| #define PACKAGE_URL ""
| #define PACKAGE "mecab"
| #define VERSION "0.996/ko-0.9.2"
| #define STDC_HEADERS 1
| #define HAVE_SYS_TYPES_H 1
| #define HAVE_SYS_STAT_H 1
| #define HAVE_STDLIB_H 1
| #define HAVE_STRING_H 1
| #define HAVE_MEMORY_H 1
| #define HAVE_STRINGS_H 1
| #define HAVE_INTTYPES_H 1
| #define HAVE_STDINT_H 1
| #define HAVE_UNISTD_H 1
| #define HAVE_DLFCN_H 1
| #define LT_OBJDIR ".libs/"
| #define HAVE_ICONV 1
| #define ICONV_CONST 
| #define STDC_HEADERS 1
| #define HAVE_STRING_H 1
| #define HAVE_STDLIB_H 1
| #define HAVE_UNISTD_H 1
| #define HAVE_FCNTL_H 1
| #define HAVE_STDINT_H 1
| #define HAVE_SYS_STAT_H 1
| #define HAVE_SYS_MMAN_H 1
| #define HAVE_SYS_TIMES_H 1
| #define HAVE_SYS_TYPES_H 1
| #define HAVE_DIRENT_H 1
| #define HAVE_CTYPE_H 1
| #define HAVE_SYS_TYPES_H 1
| /* end confdefs.h.  */
| #include <stdio.h>
| #ifdef HAVE_SYS_TYPES_H
| # include <sys/types.h>
| #endif
| #ifdef HAVE_SYS_STAT_H
| # include <sys/stat.h>
| #endif
| #ifdef STDC_HEADERS
| # include <stdlib.h>
| # include <stddef.h>
| #else
| # ifdef HAVE_STDLIB_H
| #  include <stdlib.h>
| # endif
| #endif
| #ifdef HAVE_STRING_H
| # if !defined STDC_HEADERS && defined HAVE_MEMORY_H
| #  include <memory.h>
| # endif
| # include <string.h>
| #endif
| #ifdef HAVE_STRINGS_H
| # include <strings.h>
| #endif
| #ifdef HAVE_INTTYPES_H
| # include <inttypes.h>
| #endif
| #ifdef HAVE_STDINT_H
| # include <stdint.h>
| #endif
| #ifdef HAVE_UNISTD_H
| # include <unistd.h>
| #endif
| #include <windows.h>
configure:13176: result: no
configure:13176: checking windows.h presence
configure:13176: gcc -E  conftest.c
conftest.c:38:10: fatal error: windows.h: No such file or directory
   38 | #include <windows.h>
      |          ^~~~~~~~~~~
compilation terminated.
configure:13176: $? = 1
configure: failed program was:
| /* confdefs.h */
| #define PACKAGE_NAME ""
| #define PACKAGE_TARNAME ""
| #define PACKAGE_VERSION ""
| #define PACKAGE_STRING ""
| #define PACKAGE_BUGREPORT ""
| #define PACKAGE_URL ""
| #define PACKAGE "mecab"
| #define VERSION "0.996/ko-0.9.2"
| #define STDC_HEADERS 1
| #define HAVE_SYS_TYPES_H 1
| #define HAVE_SYS_STAT_H 1
| #define HAVE_STDLIB_H 1
| #define HAVE_STRING_H 1
| #define HAVE_MEMORY_H 1
| #define HAVE_STRINGS_H 1
| #define HAVE_INTTYPES_H 1
| #define HAVE_STDINT_H 1
| #define HAVE_UNISTD_H 1
| #define HAVE_DLFCN_H 1
| #define LT_OBJDIR ".libs/"
| #define HAVE_ICONV 1
| #define ICONV_CONST 
| #define STDC_HEADERS 1
| #define HAVE_STRING_H 1
| #define HAVE_STDLIB_H 1
| #define HAVE_UNISTD_H 1
| #define HAVE_FCNTL_H 1
| #define HAVE_STDINT_H 1
| #define HAVE_SYS_STAT_H 1
| #define HAVE_SYS_MMAN_H 1
| #define HAVE_SYS_TIMES_H 1
| #define HAVE_SYS_TYPES_H 1
| #define HAVE_DIRENT_H 1
| #define HAVE_CTYPE_H 1
| #define HAVE_SYS_TYPES_H 1
| /* end confdefs.h.  */
| #include <windows.h>
configure:13176: result: no
configure:13176: checking for windows.h
configure:13176: result: no
configure:13176: checking pthread.h usability
configure:13176: gcc -c -g -O2  conftest.c >&5
configure:13176: $? = 0
configure:13176: result: yes
configure:13176: checking pthread.h presence
configure:13176: gcc -E  conftest.c
configure:13176: $? = 0
configure:13176: result: yes
configure:13176: checking for pthread.h
configure:13176: result: yes
configure:13186: checking for off_t
configure:13186: gcc -c -g -O2  conftest.c >&5
configure:13186: $? = 0
configure:13186: gcc -c -g -O2  conftest.c >&5
conftest.c: In function 'main':
conftest.c:75:20: error: expected expression before ')' token
   75 | if (sizeof ((off_t)))
      |                    ^
configure:13186: $? = 1
configure: failed program was:
| /* confdefs.h */
| #define PACKAGE_NAME ""
| #define PACKAGE_TARNAME ""
| #define PACKAGE_VERSION ""
| #define PACKAGE_STRING ""
| #define PACKAGE_BUGREPORT ""
| #define PACKAGE_URL ""
| #define PACKAGE "mecab"
| #define VERSION "0.996/ko-0.9.2"
| #define STDC_HEADERS 1
| #define HAVE_SYS_TYPES_H 1
| #define HAVE_SYS_STAT_H 1
| #define HAVE_STDLIB_H 1
| #define HAVE_STRING_H 1
| #define HAVE_MEMORY_H 1
| #define HAVE_STRINGS_H 1
| #define HAVE_INTTYPES_H 1
| #define HAVE_STDINT_H 1
| #define HAVE_UNISTD_H 1
| #define HAVE_DLFCN_H 1
| #define LT_OBJDIR ".libs/"
| #define HAVE_ICONV 1
| #define ICONV_CONST 
| #define STDC_HEADERS 1
| #define HAVE_STRING_H 1
| #define HAVE_STDLIB_H 1
| #define HAVE_UNISTD_H 1
| #define HAVE_FCNTL_H 1
| #define HAVE_STDINT_H 1
| #define HAVE_SYS_STAT_H 1
| #define HAVE_SYS_MMAN_H 1
| #define HAVE_SYS_TIMES_H 1
| #define HAVE_SYS_TYPES_H 1
| #define HAVE_DIRENT_H 1
| #define HAVE_CTYPE_H 1
| #define HAVE_SYS_TYPES_H 1
| #define HAVE_PTHREAD_H 1
| /* end confdefs.h.  */
| #include <stdio.h>
| #ifdef HAVE_SYS_TYPES_H
| # include <sys/types.h>
| #endif
| #ifdef HAVE_SYS_STAT_H
| # include <sys/stat.h>
| #endif
| #ifdef STDC_HEADERS
| # include <stdlib.h>
| # include <stddef.h>
| #else
| # ifdef HAVE_STDLIB_H
| #  include <stdlib.h>
| # endif
| #endif
| #ifdef HAVE_STRING_H
| # if !defined STDC_HEADERS && defined HAVE_MEMORY_H
| #  include <memory.h>
| # endif
| # include <string.h>
| #endif
| #ifdef HAVE_STRINGS_H
| # include <strings.h>
| #endif
| #ifdef HAVE_INTTYPES_H
| # include <inttypes.h>
| #endif
| #ifdef HAVE_STDINT_H
| # include <stdint.h>
| #endif
| #ifdef HAVE_UNISTD_H
| # include <unistd.h>
| #endif
| int
| main ()
| {
| if (sizeof ((off_t)))
| 	    return 0;
|   ;
|   return 0;
| }
configure:13186: result: yes
configure:13197: checking for size_t
configure:13197: gcc -c -g -O2  conftest.c >&5
configure:13197: $? = 0
configure:13197: gcc -c -g -O2  conftest.c >&5
conftest.c: In function 'main':
conftest.c:75:21: error: expected expression before ')' token
   75 | if (sizeof ((size_t)))
      |                     ^
configure:13197: $? = 1
configure: failed program was:
| /* confdefs.h */
| #define PACKAGE_NAME ""
| #define PACKAGE_TARNAME ""
| #define PACKAGE_VERSION ""
| #define PACKAGE_STRING ""
| #define PACKAGE_BUGREPORT ""
| #define PACKAGE_URL ""
| #define PACKAGE "mecab"
| #define VERSION "0.996/ko-0.9.2"
| #define STDC_HEADERS 1
| #define HAVE_SYS_TYPES_H 1
| #define HAVE_SYS_STAT_H 1
| #define HAVE_STDLIB_H 1
| #define HAVE_STRING_H 1
| #define HAVE_MEMORY_H 1
| #define HAVE_STRINGS_H 1
| #define HAVE_INTTYPES_H 1
| #define HAVE_STDINT_H 1
| #define HAVE_UNISTD_H 1
| #define HAVE_DLFCN_H 1
| #define LT_OBJDIR ".libs/"
| #define HAVE_ICONV 1
| #define ICONV_CONST 
| #define STDC_HEADERS 1
| #define HAVE_STRING_H 1
| #define HAVE_STDLIB_H 1
| #define HAVE_UNISTD_H 1
| #define HAVE_FCNTL_H 1
| #define HAVE_STDINT_H 1
| #define HAVE_SYS_STAT_H 1
| #define HAVE_SYS_MMAN_H 1
| #define HAVE_SYS_TIMES_H 1
| #define HAVE_SYS_TYPES_H 1
| #define HAVE_DIRENT_H 1
| #define HAVE_CTYPE_H 1
| #define HAVE_SYS_TYPES_H 1
| #define HAVE_PTHREAD_H 1
| /* end confdefs.h.  */
| #include <stdio.h>
| #ifdef HAVE_SYS_TYPES_H
| # include <sys/types.h>
| #endif
| #ifdef HAVE_SYS_STAT_H
| # include <sys/stat.h>
| #endif
| #ifdef STDC_HEADERS
| # include <stdlib.h>
| # include <stddef.h>
| #else
| # ifdef HAVE_STDLIB_H
| #  include <stdlib.h>
| # endif
| #endif
| #ifdef HAVE_STRING_H
| # if !defined STDC_HEADERS && defined HAVE_MEMORY_H
| #  include <memory.h>
| # endif
| # include <string.h>
| #endif
| #ifdef HAVE_STRINGS_H
| # include <strings.h>
| #endif
| #ifdef HAVE_INTTYPES_H
| # include <inttypes.h>
| #endif
| #ifdef HAVE_STDINT_H
| # include <stdint.h>
| #endif
| #ifdef HAVE_UNISTD_H
| # include <unistd.h>
| #endif
| int
| main ()
| {
| if (sizeof ((size_t)))
| 	    return 0;
|   ;
|   return 0;
| }
configure:13197: result: yes
configure:13212: checking size of char
configure:13217: gcc -o conftest -g -O2  -Wl,-O2 -Wl,--sort-common -Wl,--as-needed -Wl,-z,relro -Wl,-z,now -Wl,--disable-new-dtags -Wl,--gc-sections -Wl,-rpath,/csehome/slove0318/.conda/envs/r-environment/lib -Wl,-rpath-link,/csehome/slove0318/.conda/envs/r-environment/lib -L/csehome/slove0318/.conda/envs/r-environment/lib conftest.c  >&5
configure:13217: $? = 0
configure:13217: ./conftest
configure:13217: $? = 0
configure:13231: result: 1
configure:13245: checking size of short
configure:13250: gcc -o conftest -g -O2  -Wl,-O2 -Wl,--sort-common -Wl,--as-needed -Wl,-z,relro -Wl,-z,now -Wl,--disable-new-dtags -Wl,--gc-sections -Wl,-rpath,/csehome/slove0318/.conda/envs/r-environment/lib -Wl,-rpath-link,/csehome/slove0318/.conda/envs/r-environment/lib -L/csehome/slove0318/.conda/envs/r-environment/lib conftest.c  >&5
configure:13250: $? = 0
configure:13250: ./conftest
configure:13250: $? = 0
configure:13264: result: 2
configure:13278: checking size of int
configure:13283: gcc -o conftest -g -O2  -Wl,-O2 -Wl,--sort-common -Wl,--as-needed -Wl,-z,relro -Wl,-z,now -Wl,--disable-new-dtags -Wl,--gc-sections -Wl,-rpath,/csehome/slove0318/.conda/envs/r-environment/lib -Wl,-rpath-link,/csehome/slove0318/.conda/envs/r-environment/lib -L/csehome/slove0318/.conda/envs/r-environment/lib conftest.c  >&5
configure:13283: $? = 0
configure:13283: ./conftest
configure:13283: $? = 0
configure:13297: result: 4
configure:13311: checking size of long
configure:13316: gcc -o conftest -g -O2  -Wl,-O2 -Wl,--sort-common -Wl,--as-needed -Wl,-z,relro -Wl,-z,now -Wl,--disable-new-dtags -Wl,--gc-sections -Wl,-rpath,/csehome/slove0318/.conda/envs/r-environment/lib -Wl,-rpath-link,/csehome/slove0318/.conda/envs/r-environment/lib -L/csehome/slove0318/.conda/envs/r-environment/lib conftest.c  >&5
configure:13316: $? = 0
configure:13316: ./conftest
configure:13316: $? = 0
configure:13330: result: 8
configure:13344: checking size of long long
configure:13349: gcc -o conftest -g -O2  -Wl,-O2 -Wl,--sort-common -Wl,--as-needed -Wl,-z,relro -Wl,-z,now -Wl,--disable-new-dtags -Wl,--gc-sections -Wl,-rpath,/csehome/slove0318/.conda/envs/r-environment/lib -Wl,-rpath-link,/csehome/slove0318/.conda/envs/r-environment/lib -L/csehome/slove0318/.conda/envs/r-environment/lib conftest.c  >&5
configure:13349: $? = 0
configure:13349: ./conftest
configure:13349: $? = 0
configure:13363: result: 8
configure:13377: checking size of size_t
configure:13382: gcc -o conftest -g -O2  -Wl,-O2 -Wl,--sort-common -Wl,--as-needed -Wl,-z,relro -Wl,-z,now -Wl,--disable-new-dtags -Wl,--gc-sections -Wl,-rpath,/csehome/slove0318/.conda/envs/r-environment/lib -Wl,-rpath-link,/csehome/slove0318/.conda/envs/r-environment/lib -L/csehome/slove0318/.conda/envs/r-environment/lib conftest.c  >&5
configure:13382: $? = 0
configure:13382: ./conftest
configure:13382: $? = 0
configure:13396: result: 8
configure:13406: checking for size_t
configure:13406: result: yes
configure:13418: checking for unsigned long long int
configure:13455: gcc -o conftest -g -O2  -Wl,-O2 -Wl,--sort-common -Wl,--as-needed -Wl,-z,relro -Wl,-z,now -Wl,--disable-new-dtags -Wl,--gc-sections -Wl,-rpath,/csehome/slove0318/.conda/envs/r-environment/lib -Wl,-rpath-link,/csehome/slove0318/.conda/envs/r-environment/lib -L/csehome/slove0318/.conda/envs/r-environment/lib conftest.c  >&5
configure:13455: $? = 0
configure:13463: result: yes
configure:13478: checking for stdlib.h
configure:13478: result: yes
configure:13478: checking for unistd.h
configure:13478: result: yes
configure:13478: checking for sys/param.h
configure:13478: gcc -c -g -O2  conftest.c >&5
configure:13478: $? = 0
configure:13478: result: yes
configure:13498: checking for getpagesize
configure:13498: gcc -o conftest -g -O2  -Wl,-O2 -Wl,--sort-common -Wl,--as-needed -Wl,-z,relro -Wl,-z,now -Wl,--disable-new-dtags -Wl,--gc-sections -Wl,-rpath,/csehome/slove0318/.conda/envs/r-environment/lib -Wl,-rpath-link,/csehome/slove0318/.conda/envs/r-environment/lib -L/csehome/slove0318/.conda/envs/r-environment/lib conftest.c  >&5
configure:13498: $? = 0
configure:13498: result: yes
configure:13507: checking for working mmap
configure:13654: gcc -o conftest -g -O2  -Wl,-O2 -Wl,--sort-common -Wl,--as-needed -Wl,-z,relro -Wl,-z,now -Wl,--disable-new-dtags -Wl,--gc-sections -Wl,-rpath,/csehome/slove0318/.conda/envs/r-environment/lib -Wl,-rpath-link,/csehome/slove0318/.conda/envs/r-environment/lib -L/csehome/slove0318/.conda/envs/r-environment/lib conftest.c  >&5
configure:13654: $? = 0
configure:13654: ./conftest
configure:13654: $? = 0
configure:13664: result: yes
configure:13673: checking for main in -lstdc++
configure:13692: gcc -o conftest -g -O2  -Wl,-O2 -Wl,--sort-common -Wl,--as-needed -Wl,-z,relro -Wl,-z,now -Wl,--disable-new-dtags -Wl,--gc-sections -Wl,-rpath,/csehome/slove0318/.conda/envs/r-environment/lib -Wl,-rpath-link,/csehome/slove0318/.conda/envs/r-environment/lib -L/csehome/slove0318/.conda/envs/r-environment/lib conftest.c -lstdc++   >&5
configure:13692: $? = 0
configure:13701: result: yes
configure:13707: checking for pthread_create in -lpthread
configure:13732: gcc -o conftest -g -O2  -Wl,-O2 -Wl,--sort-common -Wl,--as-needed -Wl,-z,relro -Wl,-z,now -Wl,--disable-new-dtags -Wl,--gc-sections -Wl,-rpath,/csehome/slove0318/.conda/envs/r-environment/lib -Wl,-rpath-link,/csehome/slove0318/.conda/envs/r-environment/lib -L/csehome/slove0318/.conda/envs/r-environment/lib conftest.c -lpthread   >&5
configure:13732: $? = 0
configure:13741: result: yes
configure:13752: checking for pthread_join in -lpthread
configure:13777: gcc -o conftest -g -O2  -Wl,-O2 -Wl,--sort-common -Wl,--as-needed -Wl,-z,relro -Wl,-z,now -Wl,--disable-new-dtags -Wl,--gc-sections -Wl,-rpath,/csehome/slove0318/.conda/envs/r-environment/lib -Wl,-rpath-link,/csehome/slove0318/.conda/envs/r-environment/lib -L/csehome/slove0318/.conda/envs/r-environment/lib conftest.c -lpthread  -lpthread  >&5
configure:13777: $? = 0
configure:13786: result: yes
configure:13799: checking for getenv
configure:13799: gcc -o conftest -g -O2  -Wl,-O2 -Wl,--sort-common -Wl,--as-needed -Wl,-z,relro -Wl,-z,now -Wl,--disable-new-dtags -Wl,--gc-sections -Wl,-rpath,/csehome/slove0318/.conda/envs/r-environment/lib -Wl,-rpath-link,/csehome/slove0318/.conda/envs/r-environment/lib -L/csehome/slove0318/.conda/envs/r-environment/lib conftest.c -lpthread -lpthread  >&5
configure:13799: $? = 0
configure:13799: result: yes
configure:13810: checking for opendir
configure:13810: gcc -o conftest -g -O2  -Wl,-O2 -Wl,--sort-common -Wl,--as-needed -Wl,-z,relro -Wl,-z,now -Wl,--disable-new-dtags -Wl,--gc-sections -Wl,-rpath,/csehome/slove0318/.conda/envs/r-environment/lib -Wl,-rpath-link,/csehome/slove0318/.conda/envs/r-environment/lib -L/csehome/slove0318/.conda/envs/r-environment/lib conftest.c -lpthread -lpthread  >&5
configure:13810: $? = 0
configure:13810: result: yes
configure:13844: checking whether make is GNU Make
configure:13847: result: yes
configure:13877: checking if g++ supports stl <vector> (required)
configure:13894: g++ -c -O3 -Wall   conftest.cpp >&5
configure:13894: $? = 0
configure:13906: result: yes
configure:13910: checking if g++ supports stl <list> (required)
configure:13927: g++ -c -O3 -Wall   conftest.cpp >&5
configure:13927: $? = 0
configure:13939: result: yes
configure:13943: checking if g++ supports stl <map> (required)
configure:13960: g++ -c -O3 -Wall   conftest.cpp >&5
configure:13960: $? = 0
configure:13972: result: yes
configure:13976: checking if g++ supports stl <set> (required)
configure:13993: g++ -c -O3 -Wall   conftest.cpp >&5
configure:13993: $? = 0
configure:14005: result: yes
configure:14009: checking if g++ supports stl <queue> (required)
configure:14026: g++ -c -O3 -Wall   conftest.cpp >&5
configure:14026: $? = 0
configure:14038: result: yes
configure:14042: checking if g++ supports stl <functional> (required)
configure:14059: g++ -c -O3 -Wall   conftest.cpp >&5
configure:14059: $? = 0
configure:14071: result: yes
configure:14075: checking if g++ supports stl <algorithm> (required)
configure:14092: g++ -c -O3 -Wall   conftest.cpp >&5
configure:14092: $? = 0
configure:14104: result: yes
configure:14108: checking if g++ supports stl <string> (required)
configure:14125: g++ -c -O3 -Wall   conftest.cpp >&5
configure:14125: $? = 0
configure:14137: result: yes
configure:14141: checking if g++ supports stl <iostream> (required)
configure:14158: g++ -c -O3 -Wall   conftest.cpp >&5
configure:14158: $? = 0
configure:14170: result: yes
configure:14174: checking if g++ supports stl <sstream> (required)
configure:14191: g++ -c -O3 -Wall   conftest.cpp >&5
configure:14191: $? = 0
configure:14203: result: yes
configure:14207: checking if g++ supports stl <fstream> (required)
configure:14224: g++ -c -O3 -Wall   conftest.cpp >&5
configure:14224: $? = 0
configure:14236: result: yes
configure:14241: checking if g++ supports template <class T> (required)
configure:14260: g++ -c -O3 -Wall   conftest.cpp >&5
configure:14260: $? = 0
configure:14272: result: yes
configure:14276: checking if g++ supports const_cast<> (required)
configure:14294: g++ -c -O3 -Wall   conftest.cpp >&5
conftest.cpp: In function 'int main()':
conftest.cpp:63:9: warning: unused variable 'c1' [-Wunused-variable]
   63 |    foo *c1=const_cast<foo*>(c);
      |         ^~
configure:14294: $? = 0
configure:14306: result: yes
configure:14310: checking if g++ supports static_cast<> (required)
configure:14328: g++ -c -O3 -Wall   conftest.cpp >&5
conftest.cpp: In function 'int main()':
conftest.cpp:63:10: warning: unused variable 'c1' [-Wunused-variable]
   63 |    void *c1 = static_cast<void *>(c);
      |          ^~
configure:14328: $? = 0
configure:14340: result: yes
configure:14344: checking if g++ supports reinterpret_cast<> (required)
configure:14361: g++ -c -O3 -Wall   conftest.cpp >&5
conftest.cpp: In function 'int main()':
conftest.cpp:62:10: warning: unused variable 'p' [-Wunused-variable]
   62 |    char *p = reinterpret_cast<char *>(a);
      |          ^
configure:14361: $? = 0
configure:14373: result: yes
configure:14377: checking if g++ supports namespaces (required) 
configure:14395: g++ -c -O3 -Wall   conftest.cpp >&5
conftest.cpp: In function 'int main()':
conftest.cpp:63:3: warning: unused variable 'a' [-Wunused-variable]
   63 | A a;
      |   ^
configure:14395: $? = 0
configure:14406: result: yes
configure:14409: checking if g++ supports __thread (optional)
configure:14426: g++ -c -O3 -Wall   conftest.cpp >&5
configure:14426: $? = 0
configure:14436: result: yes
configure:14449: checking if g++ supports template <class T> (required)
configure:14468: g++ -c -O3 -Wall   conftest.cpp >&5
configure:14468: $? = 0
configure:14480: result: yes
configure:14483: checking if g++ supports GCC native atomic operations (optional)
configure:14503: g++ -c -O3 -Wall   conftest.cpp >&5
configure:14503: $? = 0
configure:14513: result: yes
configure:14520: checking if g++ supports OSX native atomic operations (optional)
configure:14539: g++ -c -O3 -Wall   conftest.cpp >&5
conftest.cpp:58:10: fatal error: libkern/OSAtomic.h: No such file or directory
   58 | #include <libkern/OSAtomic.h>
      |          ^~~~~~~~~~~~~~~~~~~~
compilation terminated.
configure:14539: $? = 1
configure: failed program was:
| /* confdefs.h */
| #define PACKAGE_NAME ""
| #define PACKAGE_TARNAME ""
| #define PACKAGE_VERSION ""
| #define PACKAGE_STRING ""
| #define PACKAGE_BUGREPORT ""
| #define PACKAGE_URL ""
| #define PACKAGE "mecab"
| #define VERSION "0.996/ko-0.9.2"
| #define STDC_HEADERS 1
| #define HAVE_SYS_TYPES_H 1
| #define HAVE_SYS_STAT_H 1
| #define HAVE_STDLIB_H 1
| #define HAVE_STRING_H 1
| #define HAVE_MEMORY_H 1
| #define HAVE_STRINGS_H 1
| #define HAVE_INTTYPES_H 1
| #define HAVE_STDINT_H 1
| #define HAVE_UNISTD_H 1
| #define HAVE_DLFCN_H 1
| #define LT_OBJDIR ".libs/"
| #define HAVE_ICONV 1
| #define ICONV_CONST 
| #define STDC_HEADERS 1
| #define HAVE_STRING_H 1
| #define HAVE_STDLIB_H 1
| #define HAVE_UNISTD_H 1
| #define HAVE_FCNTL_H 1
| #define HAVE_STDINT_H 1
| #define HAVE_SYS_STAT_H 1
| #define HAVE_SYS_MMAN_H 1
| #define HAVE_SYS_TIMES_H 1
| #define HAVE_SYS_TYPES_H 1
| #define HAVE_DIRENT_H 1
| #define HAVE_CTYPE_H 1
| #define HAVE_SYS_TYPES_H 1
| #define HAVE_PTHREAD_H 1
| #define SIZEOF_CHAR 1
| #define SIZEOF_SHORT 2
| #define SIZEOF_INT 4
| #define SIZEOF_LONG 8
| #define SIZEOF_LONG_LONG 8
| #define SIZEOF_SIZE_T 8
| #define HAVE_UNSIGNED_LONG_LONG_INT 1
| #define HAVE_STDLIB_H 1
| #define HAVE_UNISTD_H 1
| #define HAVE_SYS_PARAM_H 1
| #define HAVE_GETPAGESIZE 1
| #define HAVE_MMAP 1
| #define HAVE_LIBPTHREAD 1
| #define HAVE_LIBPTHREAD 1
| #define HAVE_GETENV 1
| #define HAVE_OPENDIR 1
| #define HAVE_TLS_KEYWORD 1
| #define HAVE_GCC_ATOMIC_OPS 1
| /* end confdefs.h.  */
| 
| #include <libkern/OSAtomic.h>
| 
| int
| main ()
| {
| 
|   int a = 10;
|   OSAtomicAdd32(10, &a);
|   OSAtomicCompareAndSwapInt(10, 0, &a);
| 
|   ;
|   return 0;
| }
configure:14549: result: no
configure:14556: checking if g++ environment provides all required features
configure:14564: result: yes
configure:14716: creating ./config.status

## ---------------------- ##
## Running config.status. ##
## ---------------------- ##

This file was extended by config.status, which was
generated by GNU Autoconf 2.68.  Invocation command line was

  CONFIG_FILES    = 
  CONFIG_HEADERS  = 
  CONFIG_LINKS    = 
  CONFIG_COMMANDS = 
  $ ./config.status 

on faust

config.status:1203: creating Makefile
config.status:1203: creating src/Makefile
config.status:1203: creating src/Makefile.msvc
config.status:1203: creating man/Makefile
config.status:1203: creating doc/Makefile
config.status:1203: creating tests/Makefile
config.status:1203: creating swig/version.h
config.status:1203: creating mecab.iss
config.status:1203: creating mecab-config
config.status:1203: creating mecabrc
config.status:1203: creating config.h
config.status:1432: executing depfiles commands
config.status:1432: executing libtool commands
config.status:1432: executing default commands

## ---------------- ##
## Cache variables. ##
## ---------------- ##

ac_cv_build=x86_64-unknown-linux-gnu
ac_cv_c_bigendian=no
ac_cv_c_compiler_gnu=yes
ac_cv_c_const=yes
ac_cv_cxx_compiler_gnu=yes
ac_cv_env_CCC_set=
ac_cv_env_CCC_value=
ac_cv_env_CC_set=
ac_cv_env_CC_value=
ac_cv_env_CFLAGS_set=
ac_cv_env_CFLAGS_value=
ac_cv_env_CPPFLAGS_set=
ac_cv_env_CPPFLAGS_value=
ac_cv_env_CPP_set=
ac_cv_env_CPP_value=
ac_cv_env_CXXCPP_set=
ac_cv_env_CXXCPP_value=
ac_cv_env_CXXFLAGS_set=
ac_cv_env_CXXFLAGS_value=
ac_cv_env_CXX_set=
ac_cv_env_CXX_value=
ac_cv_env_LDFLAGS_set=set
ac_cv_env_LDFLAGS_value='-Wl,-O2 -Wl,--sort-common -Wl,--as-needed -Wl,-z,relro -Wl,-z,now -Wl,--disable-new-dtags -Wl,--gc-sections -Wl,-rpath,/csehome/slove0318/.conda/envs/r-environment/lib -Wl,-rpath-link,/csehome/slove0318/.conda/envs/r-environment/lib -L/csehome/slove0318/.conda/envs/r-environment/lib'
ac_cv_env_LIBS_set=
ac_cv_env_LIBS_value=
ac_cv_env_build_alias_set=
ac_cv_env_build_alias_value=
ac_cv_env_host_alias_set=
ac_cv_env_host_alias_value=
ac_cv_env_target_alias_set=
ac_cv_env_target_alias_value=
ac_cv_func_getenv=yes
ac_cv_func_getpagesize=yes
ac_cv_func_mmap_fixed_mapped=yes
ac_cv_func_opendir=yes
ac_cv_header_ctype_h=yes
ac_cv_header_dirent_h=yes
ac_cv_header_dlfcn_h=yes
ac_cv_header_fcntl_h=yes
ac_cv_header_inttypes_h=yes
ac_cv_header_io_h=no
ac_cv_header_memory_h=yes
ac_cv_header_pthread_h=yes
ac_cv_header_stdc=yes
ac_cv_header_stdint_h=yes
ac_cv_header_stdlib_h=yes
ac_cv_header_string_h=yes
ac_cv_header_strings_h=yes
ac_cv_header_sys_mman_h=yes
ac_cv_header_sys_param_h=yes
ac_cv_header_sys_stat_h=yes
ac_cv_header_sys_times_h=yes
ac_cv_header_sys_types_h=yes
ac_cv_header_unistd_h=yes
ac_cv_header_windows_h=no
ac_cv_host=x86_64-unknown-linux-gnu
ac_cv_lib_pthread_pthread_create=yes
ac_cv_lib_pthread_pthread_join=yes
ac_cv_lib_stdcpp_main=yes
ac_cv_objext=o
ac_cv_path_EGREP='/usr/bin/grep -E'
ac_cv_path_FGREP='/usr/bin/grep -F'
ac_cv_path_GREP=/usr/bin/grep
ac_cv_path_SED=/usr/bin/sed
ac_cv_path_install='/usr/bin/install -c'
ac_cv_path_mkdir=/usr/bin/mkdir
ac_cv_prog_AWK=gawk
ac_cv_prog_CPP='gcc -E'
ac_cv_prog_CXXCPP='g++ -E'
ac_cv_prog_ac_ct_AR=ar
ac_cv_prog_ac_ct_CC=gcc
ac_cv_prog_ac_ct_CXX=g++
ac_cv_prog_ac_ct_DLLTOOL=dlltool
ac_cv_prog_ac_ct_OBJDUMP=objdump
ac_cv_prog_ac_ct_RANLIB=ranlib
ac_cv_prog_ac_ct_STRIP=strip
ac_cv_prog_cc_c89=
ac_cv_prog_cc_g=yes
ac_cv_prog_cxx_g=yes
ac_cv_prog_gcc_traditional=no
ac_cv_prog_make_make_set=yes
ac_cv_search_strerror='none required'
ac_cv_sizeof_char=1
ac_cv_sizeof_int=4
ac_cv_sizeof_long=8
ac_cv_sizeof_long_long=8
ac_cv_sizeof_short=2
ac_cv_sizeof_size_t=8
ac_cv_type_off_t=yes
ac_cv_type_size_t=yes
ac_cv_type_unsigned_long_long_int=yes
acl_cv_hardcode_direct=no
acl_cv_hardcode_libdir_flag_spec='${wl}-rpath ${wl}$libdir'
acl_cv_hardcode_libdir_separator=
acl_cv_hardcode_minus_L=no
acl_cv_libext=a
acl_cv_libname_spec='lib$name'
acl_cv_library_names_spec='$libname$shrext'
acl_cv_path_LD='/usr/bin/ld -m elf_x86_64'
acl_cv_prog_gnu_ld=yes
acl_cv_rpath=done
acl_cv_shlibext=so
acl_cv_wl=-Wl,
am_cv_CC_dependencies_compiler_type=none
am_cv_CXX_dependencies_compiler_type=none
am_cv_func_iconv=yes
am_cv_func_iconv_works=yes
am_cv_lib_iconv=no
am_cv_proto_iconv='extern size_t iconv (iconv_t cd, char * *inbuf, size_t *inbytesleft, char * *outbuf, size_t *outbytesleft);'
am_cv_proto_iconv_arg1=
lt_cv_ar_at_file=@
lt_cv_archive_cmds_need_lc=no
lt_cv_deplibs_check_method=pass_all
lt_cv_file_magic_cmd='$MAGIC_CMD'
lt_cv_file_magic_test_file=
lt_cv_ld_reload_flag=-r
lt_cv_nm_interface='BSD nm'
lt_cv_objdir=.libs
lt_cv_path_LD=/usr/bin/ld
lt_cv_path_LDCXX='/usr/bin/ld -m elf_x86_64'
lt_cv_path_NM='/usr/bin/nm -B'
lt_cv_path_mainfest_tool=no
lt_cv_prog_compiler_c_o=yes
lt_cv_prog_compiler_c_o_CXX=yes
lt_cv_prog_compiler_pic='-fPIC -DPIC'
lt_cv_prog_compiler_pic_CXX='-fPIC -DPIC'
lt_cv_prog_compiler_pic_works=yes
lt_cv_prog_compiler_pic_works_CXX=yes
lt_cv_prog_compiler_rtti_exceptions=no
lt_cv_prog_compiler_static_works=yes
lt_cv_prog_compiler_static_works_CXX=yes
lt_cv_prog_gnu_ld=yes
lt_cv_prog_gnu_ldcxx=yes
lt_cv_sharedlib_from_linklib_cmd='printf %s\n'
lt_cv_shlibpath_overrides_runpath=no
lt_cv_sys_global_symbol_pipe='sed -n -e '\''s/^.*[	 ]\([ABCDGIRSTW][ABCDGIRSTW]*\)[	 ][	 ]*\([_A-Za-z][_A-Za-z0-9]*\)$/\1 \2 \2/p'\'' | sed '\''/ __gnu_lto/d'\'''
lt_cv_sys_global_symbol_to_c_name_address='sed -n -e '\''s/^: \([^ ]*\)[ ]*$/  {\"\1\", (void *) 0},/p'\'' -e '\''s/^[ABCDGIRSTW]* \([^ ]*\) \([^ ]*\)$/  {"\2", (void *) \&\2},/p'\'''
lt_cv_sys_global_symbol_to_c_name_address_lib_prefix='sed -n -e '\''s/^: \([^ ]*\)[ ]*$/  {\"\1\", (void *) 0},/p'\'' -e '\''s/^[ABCDGIRSTW]* \([^ ]*\) \(lib[^ ]*\)$/  {"\2", (void *) \&\2},/p'\'' -e '\''s/^[ABCDGIRSTW]* \([^ ]*\) \([^ ]*\)$/  {"lib\2", (void *) \&\2},/p'\'''
lt_cv_sys_global_symbol_to_cdecl='sed -n -e '\''s/^T .* \(.*\)$/extern int \1();/p'\'' -e '\''s/^[ABCDGIRSTW]* .* \(.*\)$/extern char \1;/p'\'''
lt_cv_sys_max_cmd_len=1572864
lt_cv_to_host_file_cmd=func_convert_file_noop
lt_cv_to_tool_file_cmd=func_convert_file_noop

## ----------------- ##
## Output variables. ##
## ----------------- ##

ACLOCAL='${SHELL} /csehome/slove0318/qpsy/mecab-0.996-ko-0.9.2/missing --run aclocal-1.11'
AMDEPBACKSLASH='\'
AMDEP_FALSE='#'
AMDEP_TRUE=''
AMTAR='$${TAR-tar}'
AR='ar'
AS='as'
AUTOCONF='${SHELL} /csehome/slove0318/qpsy/mecab-0.996-ko-0.9.2/missing --run autoconf'
AUTOHEADER='${SHELL} /csehome/slove0318/qpsy/mecab-0.996-ko-0.9.2/missing --run autoheader'
AUTOMAKE='${SHELL} /csehome/slove0318/qpsy/mecab-0.996-ko-0.9.2/missing --run automake-1.11'
AWK='gawk'
CC='gcc'
CCDEPMODE='depmode=none'
CFLAGS='-O3 -Wall '
CHARSET='euc'
CPP='gcc -E'
CPPFLAGS=''
CXX='g++'
CXXCPP='g++ -E'
CXXDEPMODE='depmode=none'
CXXFLAGS='-O3 -Wall '
CYGPATH_W='echo'
DEFS='-DHAVE_CONFIG_H'
DEPDIR='.deps'
DIC_VERSION='102'
DLLTOOL='dlltool'
DSYMUTIL=''
DUMPBIN=''
ECHO_C=''
ECHO_N='-n'
ECHO_T=''
EGREP='/usr/bin/grep -E'
EXEEXT=''
FGREP='/usr/bin/grep -F'
GREP='/usr/bin/grep'
INSTALL_DATA='${INSTALL} -m 644'
INSTALL_PROGRAM='${INSTALL}'
INSTALL_SCRIPT='${INSTALL}'
INSTALL_STRIP_PROGRAM='$(install_sh) -c -s'
LD='/usr/bin/ld -m elf_x86_64'
LDFLAGS='-Wl,-O2 -Wl,--sort-common -Wl,--as-needed -Wl,-z,relro -Wl,-z,now -Wl,--disable-new-dtags -Wl,--gc-sections -Wl,-rpath,/csehome/slove0318/.conda/envs/r-environment/lib -Wl,-rpath-link,/csehome/slove0318/.conda/envs/r-environment/lib -L/csehome/slove0318/.conda/envs/r-environment/lib'
LIBICONV=''
LIBOBJS=''
LIBS='-lpthread -lpthread  -lstdc++ '
LIBTOOL='$(SHELL) $(top_builddir)/libtool'
LIPO=''
LN_S='ln -s'
LTLIBICONV=''
LTLIBOBJS=''
LTVERSION='2:0:0'
MAKEINFO='${SHELL} /csehome/slove0318/qpsy/mecab-0.996-ko-0.9.2/missing --run makeinfo'
MANIFEST_TOOL=':'
MECAB_DEFAULT_RC='${prefix}/etc/mecabrc'
MECAB_LIBEXEC_DIR='${exec_prefix}/libexec/mecab'
MECAB_LIBS='-lstdc++'
MECAB_USE_UTF8_ONLY=''
MKDIR_P='/usr/bin/mkdir -p'
NM='/usr/bin/nm -B'
NMEDIT=''
OBJDUMP='objdump'
OBJEXT='o'
OTOOL64=''
OTOOL=''
PACKAGE='mecab'
PACKAGE_BUGREPORT=''
PACKAGE_NAME=''
PACKAGE_STRING=''
PACKAGE_TARNAME=''
PACKAGE_URL=''
PACKAGE_VERSION=''
PATH_SEPARATOR=':'
RANLIB='ranlib'
SED='/usr/bin/sed'
SET_MAKE=''
SHELL='/bin/sh'
STRIP='strip'
VERSION='0.996/ko-0.9.2'
ac_ct_AR='ar'
ac_ct_CC='gcc'
ac_ct_CXX='g++'
ac_ct_DUMPBIN=''
am__EXEEXT_FALSE=''
am__EXEEXT_TRUE='#'
am__fastdepCC_FALSE=''
am__fastdepCC_TRUE='#'
am__fastdepCXX_FALSE=''
am__fastdepCXX_TRUE='#'
am__include='include'
am__isrc=''
am__leading_dot='.'
am__nodep='_no'
am__quote=''
am__tar='$${TAR-tar} chof - "$$tardir"'
am__untar='$${TAR-tar} xf -'
bindir='${exec_prefix}/bin'
build='x86_64-unknown-linux-gnu'
build_alias=''
build_cpu='x86_64'
build_os='linux-gnu'
build_vendor='unknown'
datadir='${datarootdir}'
datarootdir='${prefix}/share'
docdir='${datarootdir}/doc/${PACKAGE}'
dvidir='${docdir}'
exec_prefix='${prefix}'
host='x86_64-unknown-linux-gnu'
host_alias=''
host_cpu='x86_64'
host_os='linux-gnu'
host_vendor='unknown'
htmldir='${docdir}'
includedir='${prefix}/include'
infodir='${datarootdir}/info'
install_sh='${SHELL} /csehome/slove0318/qpsy/mecab-0.996-ko-0.9.2/install-sh'
libdir='${exec_prefix}/lib'
libexecdir='${exec_prefix}/libexec'
localedir='${datarootdir}/locale'
localstatedir='${prefix}/var'
mandir='${datarootdir}/man'
mkdir_p='/usr/bin/mkdir -p'
oldincludedir='/usr/include'
pdfdir='${docdir}'
prefix='/usr/local'
program_transform_name='s,x,x,'
psdir='${docdir}'
sbindir='${exec_prefix}/sbin'
sharedstatedir='${prefix}/com'
sysconfdir='${prefix}/etc'
target_alias=''

## ----------- ##
## confdefs.h. ##
## ----------- ##

/* confdefs.h */
#define PACKAGE_NAME ""
#define PACKAGE_TARNAME ""
#define PACKAGE_VERSION ""
#define PACKAGE_STRING ""
#define PACKAGE_BUGREPORT ""
#define PACKAGE_URL ""
#define PACKAGE "mecab"
#define VERSION "0.996/ko-0.9.2"
#define STDC_HEADERS 1
#define HAVE_SYS_TYPES_H 1
#define HAVE_SYS_STAT_H 1
#define HAVE_STDLIB_H 1
#define HAVE_STRING_H 1
#define HAVE_MEMORY_H 1
#define HAVE_STRINGS_H 1
#define HAVE_INTTYPES_H 1
#define HAVE_STDINT_H 1
#define HAVE_UNISTD_H 1
#define HAVE_DLFCN_H 1
#define LT_OBJDIR ".libs/"
#define HAVE_ICONV 1
#define ICONV_CONST 
#define STDC_HEADERS 1
#define HAVE_STRING_H 1
#define HAVE_STDLIB_H 1
#define HAVE_UNISTD_H 1
#define HAVE_FCNTL_H 1
#define HAVE_STDINT_H 1
#define HAVE_SYS_STAT_H 1
#define HAVE_SYS_MMAN_H 1
#define HAVE_SYS_TIMES_H 1
#define HAVE_SYS_TYPES_H 1
#define HAVE_DIRENT_H 1
#define HAVE_CTYPE_H 1
#define HAVE_SYS_TYPES_H 1
#define HAVE_PTHREAD_H 1
#define SIZEOF_CHAR 1
#define SIZEOF_SHORT 2
#define SIZEOF_INT 4
#define SIZEOF_LONG 8
#define SIZEOF_LONG_LONG 8
#define SIZEOF_SIZE_T 8
#define HAVE_UNSIGNED_LONG_LONG_INT 1
#define HAVE_STDLIB_H 1
#define HAVE_UNISTD_H 1
#define HAVE_SYS_PARAM_H 1
#define HAVE_GETPAGESIZE 1
#define HAVE_MMAP 1
#define HAVE_LIBPTHREAD 1
#define HAVE_LIBPTHREAD 1
#define HAVE_GETENV 1
#define HAVE_OPENDIR 1
#define HAVE_TLS_KEYWORD 1
#define HAVE_GCC_ATOMIC_OPS 1

configure: exit 0
